Using pre-set license
Built from '2020.3/staging' branch; Version is '2020.3.30f1 (1fb1bf06830e) revision 2077119'; Using compiler version '192528614'; Build Type 'Release'
OS: 'Windows 10  (10.0.19043) 64bit Core' Language: 'en' Physical Memory: 8006 MB
BatchMode: 1, IsHumanControllingUs: 0, StartBugReporterOnCrash: 0, Is64bit: 1, IsPro: 0

COMMAND LINE ARGUMENTS:
C:\Program Files\Unity\Hub\Editor\2020.3.30f1\Editor\Unity.exe
-adb2
-batchMode
-noUpm
-name
AssetImportWorker0
-projectPath
C:/Users/magda/ScaryVillage
-logFile
Logs/AssetImportWorker0.log
-srvPort
56240
Successfully changed project path to: C:/Users/magda/ScaryVillage
C:/Users/magda/ScaryVillage
Using Asset Import Pipeline V2.
Refreshing native plugins compatible for Editor in 101.97 ms, found 5 plugins.
Preloading 1 native plugins for Editor in 1.05 ms.
Initialize engine version: 2020.3.30f1 (1fb1bf06830e)
[Subsystems] Discovering subsystems at path C:/Program Files/Unity/Hub/Editor/2020.3.30f1/Editor/Data/Resources/UnitySubsystems
[Subsystems] Discovering subsystems at path C:/Users/magda/ScaryVillage/Assets
GfxDevice: creating device client; threaded=0
Direct3D:
    Version:  Direct3D 11.0 [level 11.1]
    Renderer: NVIDIA GeForce MX250 (ID=0x1d13)
    Vendor:   
    VRAM:     1983 MB
    Driver:   27.21.14.6259
Initialize mono
Mono path[0] = 'C:/Program Files/Unity/Hub/Editor/2020.3.30f1/Editor/Data/Managed'
Mono path[1] = 'C:/Program Files/Unity/Hub/Editor/2020.3.30f1/Editor/Data/MonoBleedingEdge/lib/mono/unityjit'
Mono config path = 'C:/Program Files/Unity/Hub/Editor/2020.3.30f1/Editor/Data/MonoBleedingEdge/etc'
Using monoOptions --debugger-agent=transport=dt_socket,embedding=1,server=y,suspend=n,address=127.0.0.1:56896
Begin MonoManager ReloadAssembly
Registering precompiled unity dll's ...
Register platform support module: C:/Program Files/Unity/Hub/Editor/2020.3.30f1/Editor/Data/PlaybackEngines/WebGLSupport/UnityEditor.WebGL.Extensions.dll
Register platform support module: C:/Program Files/Unity/Hub/Editor/2020.3.30f1/Editor/Data/PlaybackEngines/WindowsStandaloneSupport/UnityEditor.WindowsStandalone.Extensions.dll
Registered in 0.002559 seconds.
Native extension for WindowsStandalone target not found
Native extension for WebGL target not found
Refreshing native plugins compatible for Editor in 104.99 ms, found 5 plugins.
Preloading 1 native plugins for Editor in 0.09 ms.
Mono: successfully reloaded assembly
- Completed reload, in  0.894 seconds
Domain Reload Profiling:
	ReloadAssembly (895ms)
		BeginReloadAssembly (93ms)
			ExecutionOrderSort (0ms)
			DisableScriptedObjects (0ms)
			BackupInstance (0ms)
			ReleaseScriptingObjects (0ms)
			CreateAndSetChildDomain (1ms)
		EndReloadAssembly (705ms)
			LoadAssemblies (91ms)
			RebuildTransferFunctionScriptingTraits (0ms)
			SetupTypeCache (198ms)
			ReleaseScriptCaches (0ms)
			RebuildScriptCaches (65ms)
			SetupLoadedEditorAssemblies (289ms)
				LogAssemblyErrors (0ms)
				InitializePlatformSupportModulesInManaged (7ms)
				SetLoadedEditorAssemblies (0ms)
				RefreshPlugins (105ms)
				BeforeProcessingInitializeOnLoad (11ms)
				ProcessInitializeOnLoadAttributes (119ms)
				ProcessInitializeOnLoadMethodAttributes (46ms)
				AfterProcessingInitializeOnLoad (0ms)
				EditorAssembliesLoaded (0ms)
			ExecutionOrderSort2 (0ms)
			AwakeInstancesAfterBackupRestoration (0ms)
Platform modules already initialized, skipping
Registering precompiled user dll's ...
Registered in 0.005903 seconds.
Begin MonoManager ReloadAssembly
Native extension for WindowsStandalone target not found
Native extension for WebGL target not found
Refreshing native plugins compatible for Editor in 71.29 ms, found 5 plugins.
Preloading 1 native plugins for Editor in 0.07 ms.
[XR] OculusXRPlugin: registering subsystems
[XR] Unable to register display lifecyle provider: [1]
[XR] Oculus Input lifecycle provider registered.
[XR] Unable to register input lifecyle provider: [1]
System.Reflection.TargetInvocationException: Exception has been thrown by the target of an invocation. ---> System.NullReferenceException: Object reference not set to an instance of an object
  at Unity.XR.Oculus.OculusLoader.AssetPathToAbsolutePath (System.String assetPath) [0x00048] in C:\Users\magda\ScaryVillage\Library\PackageCache\com.unity.xr.oculus@1.11.2\Runtime\OculusLoader.cs:250 
  at Unity.XR.Oculus.OculusLoader.EditorLoadOVRPlugin () [0x0007b] in C:\Users\magda\ScaryVillage\Library\PackageCache\com.unity.xr.oculus@1.11.2\Runtime\OculusLoader.cs:235 
  at (wrapper managed-to-native) System.Reflection.MonoMethod.InternalInvoke(System.Reflection.MonoMethod,object,object[],System.Exception&)
  at System.Reflection.MonoMethod.Invoke (System.Object obj, System.Reflection.BindingFlags invokeAttr, System.Reflection.Binder binder, System.Object[] parameters, System.Globalization.CultureInfo culture) [0x00032] in <695d1cc93cca45069c528c15c9fdd749>:0 
   --- End of inner exception stack trace ---
  at System.Reflection.MonoMethod.Invoke (System.Object obj, System.Reflection.BindingFlags invokeAttr, System.Reflection.Binder binder, System.Object[] parameters, System.Globalization.CultureInfo culture) [0x00048] in <695d1cc93cca45069c528c15c9fdd749>:0 
  at System.Reflection.MethodBase.Invoke (System.Object obj, System.Object[] parameters) [0x00000] in <695d1cc93cca45069c528c15c9fdd749>:0 
  at UnityEditor.EditorAssemblies.ProcessInitializeOnLoadMethodAttributes () [0x00047] in <68089899e4c84456bfc1de3436accf4a>:0 
UnityEngine.StackTraceUtility:ExtractStackTrace ()
UnityEngine.DebugLogHandler:LogFormat (UnityEngine.LogType,UnityEngine.Object,string,object[])
UnityEngine.Logger:Log (UnityEngine.LogType,object)
UnityEngine.Debug:LogError (object)
UnityEditor.EditorAssemblies:ProcessInitializeOnLoadMethodAttributes ()

Mono: successfully reloaded assembly
- Completed reload, in  1.477 seconds
Domain Reload Profiling:
	ReloadAssembly (1477ms)
		BeginReloadAssembly (174ms)
			ExecutionOrderSort (0ms)
			DisableScriptedObjects (5ms)
			BackupInstance (0ms)
			ReleaseScriptingObjects (0ms)
			CreateAndSetChildDomain (22ms)
		EndReloadAssembly (1219ms)
			LoadAssemblies (118ms)
			RebuildTransferFunctionScriptingTraits (0ms)
			SetupTypeCache (407ms)
			ReleaseScriptCaches (1ms)
			RebuildScriptCaches (75ms)
			SetupLoadedEditorAssemblies (473ms)
				LogAssemblyErrors (0ms)
				InitializePlatformSupportModulesInManaged (4ms)
				SetLoadedEditorAssemblies (0ms)
				RefreshPlugins (71ms)
				BeforeProcessingInitializeOnLoad (96ms)
				ProcessInitializeOnLoadAttributes (266ms)
				ProcessInitializeOnLoadMethodAttributes (29ms)
				AfterProcessingInitializeOnLoad (7ms)
				EditorAssembliesLoaded (0ms)
			ExecutionOrderSort2 (0ms)
			AwakeInstancesAfterBackupRestoration (7ms)
Platform modules already initialized, skipping
========================================================================
Worker process is ready to serve import requests
Launched and connected shader compiler UnityShaderCompiler.exe after 0.08 seconds
Refreshing native plugins compatible for Editor in 1.41 ms, found 5 plugins.
Preloading 1 native plugins for Editor in 0.17 ms.
Unloading 3544 Unused Serialized files (Serialized files now loaded: 0)
System memory in use before: 151.8 MB.
System memory in use after: 152.0 MB.

Unloading 22 unused Assets to reduce memory usage. Loaded Objects now: 3979.
Total: 8.809500 ms (FindLiveObjects: 0.494700 ms CreateObjectMapping: 0.208200 ms MarkObjects: 7.942600 ms  DeleteObjects: 0.162200 ms)

AssetImportParameters requested are different than current active one (requested -> active):
  custom:framework-win-MediaFoundation: 216162199b28c13a410421893ffa2e32 -> 
  custom:video-decoder-ogg-theora: a1e56fd34408186e4bbccfd4996cb3dc -> 
  custom:container-muxer-webm: aa71ff27fc2769a1b78a27578f13a17b -> 
  custom:container-demuxer-webm: 4f35f7cbe854078d1ac9338744f61a02 -> 
  custom:container-demuxer-ogg: 62fdf1f143b41e24485cea50d1cbac27 -> 
  custom:video-encoder-webm-vp8: eb34c28f22e8b96e1ab97ce403110664 -> 
  custom:video-decoder-webm-vp8: 9c59270c3fd7afecdb556c50c9e8de78 -> 
  custom:audio-decoder-ogg-vorbis: bf7c407c2cedff20999df2af8eb42d56 -> 
  custom:audio-encoder-webm-vorbis: bf7c407c2cedff20999df2af8eb42d56 -> 
========================================================================
Received Import Request.
  path: Assets/Scenes/ScaryScene.unity
  artifactKey: Guid(bf5d940e41fbf2f46a314a3ca830f249) Importer(815301076,1909f56bfc062723c751e8b465ee728b)
Start importing Assets/Scenes/ScaryScene.unity using Guid(bf5d940e41fbf2f46a314a3ca830f249) Importer(815301076,1909f56bfc062723c751e8b465ee728b)  -> (artifact id: '5e27db7b29ed5ff162f5adafa18a5316') in 0.053045 seconds 
========================================================================
Received Import Request.
  Time since last request: 176.767752 seconds.
  path: Assets/ExampleAssets/Textures
  artifactKey: Guid(1cc500c8cdb999142b9017ebf0cf407d) Importer(815301076,1909f56bfc062723c751e8b465ee728b)
Start importing Assets/ExampleAssets/Textures using Guid(1cc500c8cdb999142b9017ebf0cf407d) Importer(815301076,1909f56bfc062723c751e8b465ee728b)  -> (artifact id: '15b531f7d02af65b446e05cf05b409c8') in 0.032928 seconds 
========================================================================
Received Import Request.
  Time since last request: 4.858084 seconds.
  path: Assets/Materials/Red_Mat.mat
  artifactKey: Guid(2716367d4ae858b4a8bca6c5f00f7b56) Importer(815301076,1909f56bfc062723c751e8b465ee728b)
Start importing Assets/Materials/Red_Mat.mat using Guid(2716367d4ae858b4a8bca6c5f00f7b56) Importer(815301076,1909f56bfc062723c751e8b465ee728b)  -> (artifact id: 'c960f34673bc78ad779e10355d0ffe7f') in 0.361780 seconds 
========================================================================
Received Import Request.
  Time since last request: 56.204296 seconds.
  path: Assets/Materials/New Material.mat
  artifactKey: Guid(4780fc31dddec47469d884e72ae79feb) Importer(815301076,1909f56bfc062723c751e8b465ee728b)
Start importing Assets/Materials/New Material.mat using Guid(4780fc31dddec47469d884e72ae79feb) Importer(815301076,1909f56bfc062723c751e8b465ee728b)  -> (artifact id: 'c2ed3e02475073c961e2e002bfec706a') in 0.049163 seconds 
========================================================================
Received Import Request.
  Time since last request: 372.916925 seconds.
  path: Assets/BasAssetStore/LowPolyVillage/Prefabs/Bushes/Bushes_01.prefab
  artifactKey: Guid(6609eb9e17471c64fa29f208b9f2a6e8) Importer(815301076,1909f56bfc062723c751e8b465ee728b)
Start importing Assets/BasAssetStore/LowPolyVillage/Prefabs/Bushes/Bushes_01.prefab using Guid(6609eb9e17471c64fa29f208b9f2a6e8) Importer(815301076,1909f56bfc062723c751e8b465ee728b)  -> (artifact id: 'edd4386e0b3db27354ff0c4bbcc5d1c8') in 0.086236 seconds 
========================================================================
Received Import Request.
  Time since last request: 0.000362 seconds.
  path: Assets/BasAssetStore/LowPolyVillage/Prefabs/Bushes/Bushes_02.prefab
  artifactKey: Guid(51b8fc81aef14b14ea1b8fb1ecb2b082) Importer(815301076,1909f56bfc062723c751e8b465ee728b)
Start importing Assets/BasAssetStore/LowPolyVillage/Prefabs/Bushes/Bushes_02.prefab using Guid(51b8fc81aef14b14ea1b8fb1ecb2b082) Importer(815301076,1909f56bfc062723c751e8b465ee728b)  -> (artifact id: '5b4205222cc75439ae87e708f7c3364e') in 0.041415 seconds 
========================================================================
Received Import Request.
  Time since last request: 0.000237 seconds.
  path: Assets/BasAssetStore/LowPolyVillage/Prefabs/Bushes/Bushes_03.prefab
  artifactKey: Guid(d9206355b7757244ab0f522bf6836655) Importer(815301076,1909f56bfc062723c751e8b465ee728b)
Start importing Assets/BasAssetStore/LowPolyVillage/Prefabs/Bushes/Bushes_03.prefab using Guid(d9206355b7757244ab0f522bf6836655) Importer(815301076,1909f56bfc062723c751e8b465ee728b)  -> (artifact id: '3d23ac69618955f0c51c9304b03b279a') in 0.039589 seconds 
========================================================================
Received Import Request.
  Time since last request: 107.539899 seconds.
  path: Assets/Materials/Materials
  artifactKey: Guid(eb308e2c6465d054c883b66d89725a91) Importer(815301076,1909f56bfc062723c751e8b465ee728b)
Start importing Assets/Materials/Materials using Guid(eb308e2c6465d054c883b66d89725a91) Importer(815301076,1909f56bfc062723c751e8b465ee728b)  -> (artifact id: '951a60f9cbe27597b17d893e81a4dba5') in 0.030450 seconds 
========================================================================
Received Import Request.
  Time since last request: 4.939196 seconds.
  path: Assets/BasAssetStore/LowPolyVillage/Meshes/Bushes
  artifactKey: Guid(9fe1988f9c3247745ad655de1c90c42b) Importer(815301076,1909f56bfc062723c751e8b465ee728b)
Start importing Assets/BasAssetStore/LowPolyVillage/Meshes/Bushes using Guid(9fe1988f9c3247745ad655de1c90c42b) Importer(815301076,1909f56bfc062723c751e8b465ee728b)  -> (artifact id: '8c978a303831ea533a8122a4639a8b41') in 0.029763 seconds 
========================================================================
Received Import Request.
  Time since last request: 0.032132 seconds.
  path: Assets/BasAssetStore/LowPolyVillage/Meshes/Bushes/Bushes_01.fbx
  artifactKey: Guid(b7076b3e7b6b0d84aa05a7902d4e22ec) Importer(815301076,1909f56bfc062723c751e8b465ee728b)
Start importing Assets/BasAssetStore/LowPolyVillage/Meshes/Bushes/Bushes_01.fbx using Guid(b7076b3e7b6b0d84aa05a7902d4e22ec) Importer(815301076,1909f56bfc062723c751e8b465ee728b)  -> (artifact id: '9283853acf4b738e84d826893532623b') in 0.142673 seconds 
========================================================================
Received Import Request.
  Time since last request: 0.000476 seconds.
  path: Assets/BasAssetStore/LowPolyVillage/Meshes/Bushes/Bushes_03.fbx
  artifactKey: Guid(6581bd0fd56dd0948a8b4253727b9bdc) Importer(815301076,1909f56bfc062723c751e8b465ee728b)
Start importing Assets/BasAssetStore/LowPolyVillage/Meshes/Bushes/Bushes_03.fbx using Guid(6581bd0fd56dd0948a8b4253727b9bdc) Importer(815301076,1909f56bfc062723c751e8b465ee728b)  -> (artifact id: '13a302fe64ca7964ab788220f0821131') in 0.053904 seconds 
========================================================================
Received Import Request.
  Time since last request: 0.000367 seconds.
  path: Assets/BasAssetStore/LowPolyVillage/Meshes/Bushes/Bushes_02.fbx
  artifactKey: Guid(ac439c7a8567d07469c159f147f2e34e) Importer(815301076,1909f56bfc062723c751e8b465ee728b)
Start importing Assets/BasAssetStore/LowPolyVillage/Meshes/Bushes/Bushes_02.fbx using Guid(ac439c7a8567d07469c159f147f2e34e) Importer(815301076,1909f56bfc062723c751e8b465ee728b)  -> (artifact id: '0030f2b61e4e57d208c75b7c6d86588c') in 0.051685 seconds 
========================================================================
Received Import Request.
  Time since last request: 12.321959 seconds.
  path: Assets/BasAssetStore/LowPolyVillage/Meshes/Tree
  artifactKey: Guid(df714a20a6f7a9440ac47e5fbe30f310) Importer(815301076,1909f56bfc062723c751e8b465ee728b)
Start importing Assets/BasAssetStore/LowPolyVillage/Meshes/Tree using Guid(df714a20a6f7a9440ac47e5fbe30f310) Importer(815301076,1909f56bfc062723c751e8b465ee728b)  -> (artifact id: '90104caf22cb9d629ebfe7e6b212c440') in 0.028269 seconds 
========================================================================
Received Import Request.
  Time since last request: 0.022674 seconds.
  path: Assets/BasAssetStore/LowPolyVillage/Meshes/Tree/Dry_Tree_01.fbx
  artifactKey: Guid(0693079450a85844eb8c5d2a7dc64694) Importer(815301076,1909f56bfc062723c751e8b465ee728b)
Start importing Assets/BasAssetStore/LowPolyVillage/Meshes/Tree/Dry_Tree_01.fbx using Guid(0693079450a85844eb8c5d2a7dc64694) Importer(815301076,1909f56bfc062723c751e8b465ee728b)  -> (artifact id: 'd0e0bc9272e7ce3069b5a9526db4cead') in 0.056939 seconds 
========================================================================
Received Import Request.
  Time since last request: 0.000304 seconds.
  path: Assets/BasAssetStore/LowPolyVillage/Meshes/Tree/Dry_Tree_02.fbx
  artifactKey: Guid(e37a1ff3ee9d31a4eaddaae879aee49a) Importer(815301076,1909f56bfc062723c751e8b465ee728b)
Start importing Assets/BasAssetStore/LowPolyVillage/Meshes/Tree/Dry_Tree_02.fbx using Guid(e37a1ff3ee9d31a4eaddaae879aee49a) Importer(815301076,1909f56bfc062723c751e8b465ee728b)  -> (artifact id: 'ebe1959a52fc6a945308932b31d54237') in 0.056964 seconds 
========================================================================
Received Import Request.
  Time since last request: 0.000333 seconds.
  path: Assets/BasAssetStore/LowPolyVillage/Meshes/Tree/Tree_03.fbx
  artifactKey: Guid(c8c72a4430ea72949981c541f489d45c) Importer(815301076,1909f56bfc062723c751e8b465ee728b)
Start importing Assets/BasAssetStore/LowPolyVillage/Meshes/Tree/Tree_03.fbx using Guid(c8c72a4430ea72949981c541f489d45c) Importer(815301076,1909f56bfc062723c751e8b465ee728b)  -> (artifact id: '79419e8efc5400e2b2f34fc064c454ec') in 0.054892 seconds 
========================================================================
Received Import Request.
  Time since last request: 0.000388 seconds.
  path: Assets/BasAssetStore/LowPolyVillage/Meshes/Tree/Tree_02.fbx
  artifactKey: Guid(8b3be99950d325f4c8998d0ff5a9136b) Importer(815301076,1909f56bfc062723c751e8b465ee728b)
Start importing Assets/BasAssetStore/LowPolyVillage/Meshes/Tree/Tree_02.fbx using Guid(8b3be99950d325f4c8998d0ff5a9136b) Importer(815301076,1909f56bfc062723c751e8b465ee728b)  -> (artifact id: 'b8b662a3873f27119d9ca1faf2490b30') in 0.053596 seconds 
========================================================================
Received Import Request.
  Time since last request: 0.000325 seconds.
  path: Assets/BasAssetStore/LowPolyVillage/Meshes/Tree/Tree_01.fbx
  artifactKey: Guid(fbb754b1c3f53e44f86c0dfb7f33ac7a) Importer(815301076,1909f56bfc062723c751e8b465ee728b)
Start importing Assets/BasAssetStore/LowPolyVillage/Meshes/Tree/Tree_01.fbx using Guid(fbb754b1c3f53e44f86c0dfb7f33ac7a) Importer(815301076,1909f56bfc062723c751e8b465ee728b)  -> (artifact id: '1535769113cd18b561902b48481f8108') in 0.057469 seconds 
========================================================================
Received Import Request.
  Time since last request: 544.930357 seconds.
  path: Assets/Materials/New Material.mat
  artifactKey: Guid(4780fc31dddec47469d884e72ae79feb) Importer(815301076,1909f56bfc062723c751e8b465ee728b)
Start importing Assets/Materials/New Material.mat using Guid(4780fc31dddec47469d884e72ae79feb) Importer(815301076,1909f56bfc062723c751e8b465ee728b)  -> (artifact id: '7f68c2a649bd78b9980f018753931ccc') in 0.044856 seconds 
========================================================================
Received Import Request.
  Time since last request: 355.014598 seconds.
  path: Assets/Scenes/SampleSceneLightingSettings.lighting
  artifactKey: Guid(477cc4148fad3449482a3bc3178594e2) Importer(815301076,1909f56bfc062723c751e8b465ee728b)
Start importing Assets/Scenes/SampleSceneLightingSettings.lighting using Guid(477cc4148fad3449482a3bc3178594e2) Importer(815301076,1909f56bfc062723c751e8b465ee728b)  -> (artifact id: '4a26a52e718306fba651ad1c5ff177c0') in 0.033954 seconds 
========================================================================
Received Prepare
Refreshing native plugins compatible for Editor in 10.06 ms, found 5 plugins.
Preloading 1 native plugins for Editor in 0.14 ms.
Unloading 12 Unused Serialized files (Serialized files now loaded: 0)
System memory in use before: 81.8 MB.
System memory in use after: 82.1 MB.

Unloading 12 unused Assets to reduce memory usage. Loaded Objects now: 4087.
Total: 9.926100 ms (FindLiveObjects: 0.768200 ms CreateObjectMapping: 0.407100 ms MarkObjects: 8.709900 ms  DeleteObjects: 0.038700 ms)

AssetImportParameters requested are different than current active one (requested -> active):
  custom:framework-win-MediaFoundation: 216162199b28c13a410421893ffa2e32 -> 
  custom:video-decoder-ogg-theora: a1e56fd34408186e4bbccfd4996cb3dc -> 
  custom:container-muxer-webm: aa71ff27fc2769a1b78a27578f13a17b -> 
  custom:container-demuxer-webm: 4f35f7cbe854078d1ac9338744f61a02 -> 
  custom:container-demuxer-ogg: 62fdf1f143b41e24485cea50d1cbac27 -> 
  custom:video-encoder-webm-vp8: eb34c28f22e8b96e1ab97ce403110664 -> 
  custom:video-decoder-webm-vp8: 9c59270c3fd7afecdb556c50c9e8de78 -> 
  custom:audio-decoder-ogg-vorbis: bf7c407c2cedff20999df2af8eb42d56 -> 
  custom:audio-encoder-webm-vorbis: bf7c407c2cedff20999df2af8eb42d56 -> 
========================================================================
Received Prepare
Registering precompiled user dll's ...
Registered in 0.036677 seconds.
Begin MonoManager ReloadAssembly
Native extension for WindowsStandalone target not found
Native extension for WebGL target not found
Refreshing native plugins compatible for Editor in 1.27 ms, found 5 plugins.
Preloading 1 native plugins for Editor in 0.23 ms.
System.Reflection.TargetInvocationException: Exception has been thrown by the target of an invocation. ---> System.NullReferenceException: Object reference not set to an instance of an object
  at Unity.XR.Oculus.OculusLoader.AssetPathToAbsolutePath (System.String assetPath) [0x00048] in C:\Users\magda\ScaryVillage\Library\PackageCache\com.unity.xr.oculus@1.11.2\Runtime\OculusLoader.cs:250 
  at Unity.XR.Oculus.OculusLoader.EditorLoadOVRPlugin () [0x0007b] in C:\Users\magda\ScaryVillage\Library\PackageCache\com.unity.xr.oculus@1.11.2\Runtime\OculusLoader.cs:235 
  at (wrapper managed-to-native) System.Reflection.MonoMethod.InternalInvoke(System.Reflection.MonoMethod,object,object[],System.Exception&)
  at System.Reflection.MonoMethod.Invoke (System.Object obj, System.Reflection.BindingFlags invokeAttr, System.Reflection.Binder binder, System.Object[] parameters, System.Globalization.CultureInfo culture) [0x00032] in <695d1cc93cca45069c528c15c9fdd749>:0 
   --- End of inner exception stack trace ---
  at System.Reflection.MonoMethod.Invoke (System.Object obj, System.Reflection.BindingFlags invokeAttr, System.Reflection.Binder binder, System.Object[] parameters, System.Globalization.CultureInfo culture) [0x00048] in <695d1cc93cca45069c528c15c9fdd749>:0 
  at System.Reflection.MethodBase.Invoke (System.Object obj, System.Object[] parameters) [0x00000] in <695d1cc93cca45069c528c15c9fdd749>:0 
  at UnityEditor.EditorAssemblies.ProcessInitializeOnLoadMethodAttributes () [0x00047] in <68089899e4c84456bfc1de3436accf4a>:0 
UnityEngine.StackTraceUtility:ExtractStackTrace ()
UnityEngine.DebugLogHandler:LogFormat (UnityEngine.LogType,UnityEngine.Object,string,object[])
UnityEngine.Logger:Log (UnityEngine.LogType,object)
UnityEngine.Debug:LogError (object)
UnityEditor.EditorAssemblies:ProcessInitializeOnLoadMethodAttributes ()

Mono: successfully reloaded assembly
- Completed reload, in  3.174 seconds
Domain Reload Profiling:
	ReloadAssembly (3176ms)
		BeginReloadAssembly (792ms)
			ExecutionOrderSort (0ms)
			DisableScriptedObjects (30ms)
			BackupInstance (0ms)
			ReleaseScriptingObjects (0ms)
			CreateAndSetChildDomain (418ms)
		EndReloadAssembly (2251ms)
			LoadAssemblies (399ms)
			RebuildTransferFunctionScriptingTraits (0ms)
			SetupTypeCache (717ms)
			ReleaseScriptCaches (2ms)
			RebuildScriptCaches (97ms)
			SetupLoadedEditorAssemblies (814ms)
				LogAssemblyErrors (0ms)
				InitializePlatformSupportModulesInManaged (15ms)
				SetLoadedEditorAssemblies (3ms)
				RefreshPlugins (2ms)
				BeforeProcessingInitializeOnLoad (150ms)
				ProcessInitializeOnLoadAttributes (584ms)
				ProcessInitializeOnLoadMethodAttributes (48ms)
				AfterProcessingInitializeOnLoad (11ms)
				EditorAssembliesLoaded (1ms)
			ExecutionOrderSort2 (0ms)
			AwakeInstancesAfterBackupRestoration (32ms)
Platform modules already initialized, skipping
Switching build target platform(19) subTarget(0) extendedPlatform(0) -> platform(13) subTarget(524288) extendedPlatform(0)
Refreshing native plugins compatible for Editor in 2.51 ms, found 5 plugins.
Preloading 1 native plugins for Editor in 0.18 ms.
Unloading 3425 Unused Serialized files (Serialized files now loaded: 0)
System memory in use before: 149.7 MB.
System memory in use after: 149.9 MB.

Unloading 15 unused Assets to reduce memory usage. Loaded Objects now: 4063.
Total: 10.323700 ms (FindLiveObjects: 2.133100 ms CreateObjectMapping: 0.550900 ms MarkObjects: 7.588400 ms  DeleteObjects: 0.047300 ms)

AssetImportParameters requested are different than current active one (requested -> active):
  custom:framework-win-MediaFoundation: 216162199b28c13a410421893ffa2e32 -> 
  custom:video-decoder-ogg-theora: a1e56fd34408186e4bbccfd4996cb3dc -> 
  custom:container-muxer-webm: aa71ff27fc2769a1b78a27578f13a17b -> 
  custom:container-demuxer-webm: 4f35f7cbe854078d1ac9338744f61a02 -> 
  custom:container-demuxer-ogg: 62fdf1f143b41e24485cea50d1cbac27 -> 
  custom:video-encoder-webm-vp8: eb34c28f22e8b96e1ab97ce403110664 -> 
  custom:video-decoder-webm-vp8: 9c59270c3fd7afecdb556c50c9e8de78 -> 
  custom:graphics/normal-map-encoding: 01000000000000000000000000000000 -> 02000000000000000000000000000000
  custom:audio-decoder-ogg-vorbis: bf7c407c2cedff20999df2af8eb42d56 -> 
  custom:audio-encoder-webm-vorbis: bf7c407c2cedff20999df2af8eb42d56 -> 
AssetImportWorkerClient::OnTransportError - code=2 error=End of file
